#
# A fatal error has been detected by the Java Runtime Environment:
#
#  SIGSEGV (0xb) at pc=0x000000011742e469, pid=74568, tid=0x0000000000013607
#
# JRE version: Java(TM) SE Runtime Environment (8.0_144-b01) (build 1.8.0_144-b01)
# Java VM: Java HotSpot(TM) 64-Bit Server VM (25.144-b01 mixed mode bsd-amd64 compressed oops)
# Problematic frame:
# C  [libawt_lwawt.dylib+0x1c469]  OGLSD_SetScratchSurface+0x53
#
# Failed to write core dump. Core dumps have been disabled. To enable core dumping, try "ulimit -c unlimited" before starting Java again
#
# If you would like to submit a bug report, please visit:
#   http://bugreport.java.com/bugreport/crash.jsp
# The crash happened outside the Java Virtual Machine in native code.
# See problematic frame for where to report the bug.
#

---------------  T H R E A D  ---------------

Current thread (0x00007fe39321d800):  JavaThread "Java2D Queue Flusher" daemon [_thread_in_native, id=79367, stack(0x0000700005b92000,0x0000700005c92000)]

siginfo: si_signo: 11 (SIGSEGV), si_code: 1 (SEGV_MAPERR), si_addr: 0x0000000280000000

Registers:
RAX=0x00007fe39298b038, RBX=0x00007fe39830aa70, RCX=0x00007fe39298b040, RDX=0x0000000000000000
RSP=0x0000700005c91710, RBP=0x0000700005c91730, RSI=0x00007fe39279b5d0, RDI=0x00007fe39298b038
R8 =0x0000000000000000, R9 =0x000000015fd82500, R10=0x00007fe397028000, R11=0x00007fffb2a3e180
R12=0x0000000000000000, R13=0x0000700005c91820, R14=0x00007fe39321d9f8, R15=0x0000000280000000
RIP=0x000000011742e469, EFLAGS=0x0000000000010202, ERR=0x0000000000000004
  TRAPNO=0x000000000000000e

Top of Stack: (sp=0x0000700005c91710)
0x0000700005c91710:   00007fe39279b5d0 0000000000000000
0x0000700005c91720:   00007fe3940dd680 0000000000000038
0x0000700005c91730:   0000700005c917b0 000000011744ed36
0x0000700005c91740:   0000000000000000 000000000000008c
0x0000700005c91750:   00007fe3940dd638 0000000000000000
0x0000700005c91760:   00007fe3924db200 0000000200000001
0x0000700005c91770:   0000700005c917b0 00007fe3940dd690
0x0000700005c91780:   0000000000000000 00007fe39321d9f8
0x0000700005c91790:   0000000114272a70 0000000000000000
0x0000700005c917a0:   0000700005c91898 00007fe39321d800
0x0000700005c917b0:   0000700005c91800 000000011bb544aa
0x0000700005c917c0:   0000000797b4a100 0000700005c918d8
0x0000700005c917d0:   00007fe39321d800 00007fe3924dac18
0x0000700005c917e0:   0000700005c91810 000000010e538a00
0x0000700005c917f0:   0000000000000064 0000000000000000
0x0000700005c91800:   0000700005c91880 000000011b8062bd
0x0000700005c91810:   0000700005c91880 000000011b8062bd
0x0000700005c91820:   0000000000000090 00007fe3940dd600
0x0000700005c91830:   0000000797b4a118 0000000797b4a100
0x0000700005c91840:   0000700005c91840 0000000114272b1d
0x0000700005c91850:   0000700005c91898 0000000114273b08
0x0000700005c91860:   000000012c8c8230 0000000114272b40
0x0000700005c91870:   0000700005c91820 0000700005c918a0
0x0000700005c91880:   0000700005c91940 000000011bb4f05c
0x0000700005c91890:   0000000000000090 0000000797b4a100
0x0000700005c918a0:   00000001145b8a14 0000700005c918e8
0x0000700005c918b0:   00000001145b8a90 0000000000000000
0x0000700005c918c0:   0000700005c91940 000000011b8062bd
0x0000700005c918d0:   0000700005c91940 000000011b8062bd
0x0000700005c918e0:   000000011b8062bd 0000000797b4a100
0x0000700005c918f0:   0000000000000001 0000000797b4a1d8
0x0000700005c91900:   0000700005c918f0 0000000114276551 

Instructions: (pc=0x000000011742e469)
0x000000011742e449:   48 85 db 75 0e bf 01 00 00 00 48 8d 15 67 7b 03
0x000000011742e459:   00 eb d6 49 89 fe 4c 8b 3b 30 c0 e8 21 a6 02 00
0x000000011742e469:   49 8b 3f 49 89 c4 48 8b 35 aa 02 06 00 30 c0 e8
0x000000011742e479:   51 a7 02 00 48 85 c0 75 4e 30 c0 e8 9f 0f 02 00 

Register to memory mapping:

RAX=0x00007fe39298b038 is an unknown value
RBX=0x00007fe39830aa70 is an unknown value
RCX=0x00007fe39298b040 is an unknown value
RDX=0x0000000000000000 is an unknown value
RSP=0x0000700005c91710 is pointing into the stack for thread: 0x00007fe39321d800
RBP=0x0000700005c91730 is pointing into the stack for thread: 0x00007fe39321d800
RSI=0x00007fe39279b5d0 is an unknown value
RDI=0x00007fe39298b038 is an unknown value
R8 =0x0000000000000000 is an unknown value
R9 =0x000000015fd82500 is an unknown value
R10=0x00007fe397028000 is an unknown value
R11=0x00007fffb2a3e180: cvm_data+0x20 in /System/Library/Frameworks/OpenGL.framework/Versions/A/Libraries/libCVMSPluginSupport.dylib at 0x00007fff60fa6000
R12=0x0000000000000000 is an unknown value
R13=0x0000700005c91820 is pointing into the stack for thread: 0x00007fe39321d800
R14=0x00007fe39321d9f8 is an unknown value
R15=0x0000000280000000 is an unknown value


Stack: [0x0000700005b92000,0x0000700005c92000],  sp=0x0000700005c91710,  free space=1021k
Native frames: (J=compiled Java code, j=interpreted, Vv=VM code, C=native code)
C  [libawt_lwawt.dylib+0x1c469]  OGLSD_SetScratchSurface+0x53
C  [libawt_lwawt.dylib+0x3cd36]  Java_sun_java2d_opengl_OGLRenderQueue_flushBuffer+0x63a
J 978  sun.java2d.opengl.OGLRenderQueue.flushBuffer(JI)V (0 bytes) @ 0x000000011bb544aa [0x000000011bb54400+0xaa]
j  sun.java2d.opengl.OGLRenderQueue.flushBuffer()V+21
J 959 C1 sun.java2d.opengl.OGLRenderQueue.access$100(Lsun/java2d/opengl/OGLRenderQueue;)V (5 bytes) @ 0x000000011bb4f05c [0x000000011bb4f000+0x5c]
j  sun.java2d.opengl.OGLRenderQueue$QueueFlusher.run()V+81
v  ~StubRoutines::call_stub
V  [libjvm.dylib+0x2ee70a]
V  [libjvm.dylib+0x2eeeae]
V  [libjvm.dylib+0x2ef05a]
V  [libjvm.dylib+0x3497b1]
V  [libjvm.dylib+0x56c0b3]
V  [libjvm.dylib+0x56d7a0]
V  [libjvm.dylib+0x48baee]
C  [libsystem_pthread.dylib+0x3661]  _pthread_body+0x154
C  [libsystem_pthread.dylib+0x350d]  _pthread_body+0x0
C  [libsystem_pthread.dylib+0x2bf9]  thread_start+0xd
C  0x0000000000000000

Java frames: (J=compiled Java code, j=interpreted, Vv=VM code)
J 978  sun.java2d.opengl.OGLRenderQueue.flushBuffer(JI)V (0 bytes) @ 0x000000011bb54438 [0x000000011bb54400+0x38]
j  sun.java2d.opengl.OGLRenderQueue.flushBuffer()V+21
J 959 C1 sun.java2d.opengl.OGLRenderQueue.access$100(Lsun/java2d/opengl/OGLRenderQueue;)V (5 bytes) @ 0x000000011bb4f05c [0x000000011bb4f000+0x5c]
j  sun.java2d.opengl.OGLRenderQueue$QueueFlusher.run()V+81
v  ~StubRoutines::call_stub

---------------  P R O C E S S  ---------------

Java Threads: ( => current thread )
  0x00007fe3929cd800 JavaThread "TimerQueue" daemon [_thread_blocked, id=74443, stack(0x0000700005e9b000,0x0000700005f9b000)]
  0x00007fe3929b8800 JavaThread "DestroyJavaVM" [_thread_blocked, id=9987, stack(0x0000700004a59000,0x0000700004b59000)]
  0x00007fe3929a8800 JavaThread "AWT-EventQueue-0" [_thread_blocked, id=54543, stack(0x0000700005d98000,0x0000700005e98000)]
  0x00007fe392927800 JavaThread "Java2D Disposer" daemon [_thread_blocked, id=79639, stack(0x0000700005c95000,0x0000700005d95000)]
=>0x00007fe39321d800 JavaThread "Java2D Queue Flusher" daemon [_thread_in_native, id=79367, stack(0x0000700005b92000,0x0000700005c92000)]
  0x00007fe392928000 JavaThread "AWT-Shutdown" [_thread_blocked, id=26155, stack(0x0000700005883000,0x0000700005983000)]
  0x00007fe3938fb800 JavaThread "AppKit Thread" daemon [_thread_blocked, id=775, stack(0x00007ffee1d2f000,0x00007ffee252f000)]
  0x00007fe392844000 JavaThread "Service Thread" daemon [_thread_blocked, id=14339, stack(0x000070000567d000,0x000070000577d000)]
  0x00007fe39383d800 JavaThread "C1 CompilerThread2" daemon [_thread_blocked, id=17667, stack(0x000070000557a000,0x000070000567a000)]
  0x00007fe393807000 JavaThread "C2 CompilerThread1" daemon [_thread_blocked, id=13827, stack(0x0000700005477000,0x0000700005577000)]
  0x00007fe393033800 JavaThread "C2 CompilerThread0" daemon [_thread_blocked, id=18179, stack(0x0000700005374000,0x0000700005474000)]
  0x00007fe393006000 JavaThread "Signal Dispatcher" daemon [_thread_blocked, id=18443, stack(0x0000700005271000,0x0000700005371000)]
  0x00007fe393016000 JavaThread "Finalizer" daemon [_thread_blocked, id=11779, stack(0x000070000516e000,0x000070000526e000)]
  0x00007fe393837000 JavaThread "Reference Handler" daemon [_thread_blocked, id=20739, stack(0x000070000506b000,0x000070000516b000)]

Other Threads:
  0x00007fe393832800 VMThread [stack: 0x0000700004f68000,0x0000700005068000] [id=11523]
  0x00007fe393016800 WatcherThread [stack: 0x0000700005780000,0x0000700005880000] [id=17411]

VM state:not at safepoint (normal execution)

VM Mutex/Monitor currently owned by a thread: None

Heap:
 PSYoungGen      total 38400K, used 8162K [0x0000000795580000, 0x0000000798000000, 0x00000007c0000000)
  eden space 33280K, 10% used [0x0000000795580000,0x00000007958ea580,0x0000000797600000)
  from space 5120K, 91% used [0x0000000797b00000,0x0000000797f8e4a0,0x0000000798000000)
  to   space 5120K, 0% used [0x0000000797600000,0x0000000797600000,0x0000000797b00000)
 ParOldGen       total 87552K, used 15933K [0x0000000740000000, 0x0000000745580000, 0x0000000795580000)
  object space 87552K, 18% used [0x0000000740000000,0x0000000740f8f640,0x0000000745580000)
 Metaspace       used 10846K, capacity 11142K, committed 11264K, reserved 1058816K
  class space    used 1339K, capacity 1463K, committed 1536K, reserved 1048576K

Card table byte_map: [0x000000010f367000,0x000000010f768000] byte_map_base: 0x000000010b967000

Marking Bits: (ParMarkBitMap*) 0x000000010e8f35d0
 Begin Bits: [0x000000010fa13000, 0x0000000111a13000)
 End Bits:   [0x0000000111a13000, 0x0000000113a13000)

Polling page: 0x000000010d74d000

CodeCache: size=245760Kb used=3523Kb max_used=3523Kb free=242236Kb
 bounds [0x000000011b7fe000, 0x000000011bb7e000, 0x000000012a7fe000]
 total_blobs=1526 nmethods=1009 adapters=431
 compilation: enabled

Compilation events (10 events):
Event: 4011.066 Thread 0x00007fe39383d800 1005       3       sun.awt.SunHints$Value::isCompatibleKey (14 bytes)
Event: 4011.066 Thread 0x00007fe39383d800 nmethod 1005 0x000000011bb6ead0 code [0x000000011bb6ec40, 0x000000011bb6edf0]
Event: 4011.066 Thread 0x00007fe39383d800 1006       1       java.awt.Font::hasLayoutAttributes (5 bytes)
Event: 4011.066 Thread 0x00007fe39383d800 nmethod 1006 0x000000011bb6ee50 code [0x000000011bb6efa0, 0x000000011bb6f0b0]
Event: 4011.074 Thread 0x00007fe39383d800 1007       3       java.lang.ref.ReferenceQueue::reallyPoll (66 bytes)
Event: 4011.074 Thread 0x00007fe39383d800 nmethod 1007 0x000000011bb6f110 code [0x000000011bb6f2a0, 0x000000011bb6f730]
Event: 4011.112 Thread 0x00007fe39383d800 1008       1       javax.swing.AbstractButton::isBorderPainted (5 bytes)
Event: 4011.112 Thread 0x00007fe39383d800 nmethod 1008 0x000000011bb6f810 code [0x000000011bb6f960, 0x000000011bb6fa70]
Event: 4011.113 Thread 0x00007fe39383d800 1009       1       sun.java2d.loops.RenderCache$Entry::getValue (5 bytes)
Event: 4011.114 Thread 0x00007fe39383d800 nmethod 1009 0x000000011bb6fad0 code [0x000000011bb6fc20, 0x000000011bb6fd30]

GC Heap History (4 events):
Event: 9.107 GC heap before
{Heap before GC invocations=1 (full 0):
 PSYoungGen      total 38400K, used 32702K [0x0000000795580000, 0x0000000798000000, 0x00000007c0000000)
  eden space 33280K, 98% used [0x0000000795580000,0x000000079756fba8,0x0000000797600000)
  from space 5120K, 0% used [0x0000000797b00000,0x0000000797b00000,0x0000000798000000)
  to   space 5120K, 0% used [0x0000000797600000,0x0000000797600000,0x0000000797b00000)
 ParOldGen       total 87552K, used 0K [0x0000000740000000, 0x0000000745580000, 0x0000000795580000)
  object space 87552K, 0% used [0x0000000740000000,0x0000000740000000,0x0000000745580000)
 Metaspace       used 10620K, capacity 10904K, committed 11264K, reserved 1058816K
  class space    used 1315K, capacity 1430K, committed 1536K, reserved 1048576K
Event: 9.117 GC heap after
Heap after GC invocations=1 (full 0):
 PSYoungGen      total 38400K, used 5097K [0x0000000795580000, 0x0000000798000000, 0x00000007c0000000)
  eden space 33280K, 0% used [0x0000000795580000,0x0000000795580000,0x0000000797600000)
  from space 5120K, 99% used [0x0000000797600000,0x0000000797afa5b8,0x0000000797b00000)
  to   space 5120K, 0% used [0x0000000797b00000,0x0000000797b00000,0x0000000798000000)
 ParOldGen       total 87552K, used 5589K [0x0000000740000000, 0x0000000745580000, 0x0000000795580000)
  object space 87552K, 6% used [0x0000000740000000,0x0000000740575600,0x0000000745580000)
 Metaspace       used 10620K, capacity 10904K, committed 11264K, reserved 1058816K
  class space    used 1315K, capacity 1430K, committed 1536K, reserved 1048576K
}
Event: 4010.990 GC heap before
{Heap before GC invocations=2 (full 0):
 PSYoungGen      total 38400K, used 37716K [0x0000000795580000, 0x0000000798000000, 0x00000007c0000000)
  eden space 33280K, 98% used [0x0000000795580000,0x000000079755ad80,0x0000000797600000)
  from space 5120K, 99% used [0x0000000797600000,0x0000000797afa5b8,0x0000000797b00000)
  to   space 5120K, 0% used [0x0000000797b00000,0x0000000797b00000,0x0000000798000000)
 ParOldGen       total 87552K, used 5589K [0x0000000740000000, 0x0000000745580000, 0x0000000795580000)
  object space 87552K, 6% used [0x0000000740000000,0x0000000740575600,0x0000000745580000)
 Metaspace       used 10844K, capacity 11142K, committed 11264K, reserved 1058816K
  class space    used 1339K, capacity 1463K, committed 1536K, reserved 1048576K
Event: 4011.031 GC heap after
Heap after GC invocations=2 (full 0):
 PSYoungGen      total 38400K, used 4665K [0x0000000795580000, 0x0000000798000000, 0x00000007c0000000)
  eden space 33280K, 0% used [0x0000000795580000,0x0000000795580000,0x0000000797600000)
  from space 5120K, 91% used [0x0000000797b00000,0x0000000797f8e4a0,0x0000000798000000)
  to   space 5120K, 0% used [0x0000000797600000,0x0000000797600000,0x0000000797b00000)
 ParOldGen       total 87552K, used 15933K [0x0000000740000000, 0x0000000745580000, 0x0000000795580000)
  object space 87552K, 18% used [0x0000000740000000,0x0000000740f8f640,0x0000000745580000)
 Metaspace       used 10844K, capacity 11142K, committed 11264K, reserved 1058816K
  class space    used 1339K, capacity 1463K, committed 1536K, reserved 1048576K
}

Deoptimization events (6 events):
Event: 5.237 Thread 0x00007fe3929a8800 Uncommon trap: reason=unstable_if action=reinterpret pc=0x000000011ba522a4 method=java.awt.Component.inside(II)Z @ 13
Event: 9.140 Thread 0x00007fe3929a8800 Uncommon trap: reason=unstable_if action=reinterpret pc=0x000000011bb030f8 method=java.awt.Container.findComponentAtImpl(IIZ)Ljava/awt/Component; @ 6
Event: 14.296 Thread 0x00007fe3929a8800 Uncommon trap: reason=class_check action=maybe_recompile pc=0x000000011b9699dc method=java.lang.String.equals(Ljava/lang/Object;)Z @ 8
Event: 14.296 Thread 0x00007fe3929a8800 Uncommon trap: reason=class_check action=maybe_recompile pc=0x000000011b9699dc method=java.lang.String.equals(Ljava/lang/Object;)Z @ 8
Event: 658.167 Thread 0x00007fe3929a8800 Uncommon trap: reason=class_check action=maybe_recompile pc=0x000000011b9699dc method=java.lang.String.equals(Ljava/lang/Object;)Z @ 8
Event: 658.167 Thread 0x00007fe3929a8800 Uncommon trap: reason=class_check action=maybe_recompile pc=0x000000011b9699dc method=java.lang.String.equals(Ljava/lang/Object;)Z @ 8

Internal exceptions (10 events):
Event: 0.034 Thread 0x00007fe393008800 Exception <a 'java/lang/NoSuchMethodError': Method sun.misc.Unsafe.prefetchRead(Ljava/lang/Object;J)V name or signature does not match> (0x0000000795587f90) thrown at [/Users/java_re/workspace/8-2-build-macosx-x86_64/jdk8u144/9417/hotspot/src/share/vm/pri
Event: 0.112 Thread 0x00007fe393008800 Exception <a 'java/security/PrivilegedActionException'> (0x00000007956d4378) thrown at [/Users/java_re/workspace/8-2-build-macosx-x86_64/jdk8u144/9417/hotspot/src/share/vm/prims/jvm.cpp, line 1390]
Event: 0.112 Thread 0x00007fe393008800 Exception <a 'java/security/PrivilegedActionException'> (0x00000007956d4588) thrown at [/Users/java_re/workspace/8-2-build-macosx-x86_64/jdk8u144/9417/hotspot/src/share/vm/prims/jvm.cpp, line 1390]
Event: 0.113 Thread 0x00007fe393008800 Exception <a 'java/security/PrivilegedActionException'> (0x00000007956d78b8) thrown at [/Users/java_re/workspace/8-2-build-macosx-x86_64/jdk8u144/9417/hotspot/src/share/vm/prims/jvm.cpp, line 1390]
Event: 0.113 Thread 0x00007fe393008800 Exception <a 'java/security/PrivilegedActionException'> (0x00000007956d7ac8) thrown at [/Users/java_re/workspace/8-2-build-macosx-x86_64/jdk8u144/9417/hotspot/src/share/vm/prims/jvm.cpp, line 1390]
Event: 0.155 Thread 0x00007fe393008800 Exception <a 'java/lang/NoSuchFieldError': method resolution failed> (0x00000007957a4da0) thrown at [/Users/java_re/workspace/8-2-build-macosx-x86_64/jdk8u144/9417/hotspot/src/share/vm/prims/methodHandles.cpp, line 1146]
Event: 0.157 Thread 0x00007fe393008800 Exception <a 'java/lang/NoSuchFieldError': method resolution failed> (0x00000007957b2570) thrown at [/Users/java_re/workspace/8-2-build-macosx-x86_64/jdk8u144/9417/hotspot/src/share/vm/prims/methodHandles.cpp, line 1146]
Event: 0.428 Thread 0x00007fe393008800 Exception <a 'java/io/FileNotFoundException'> (0x000000079582d028) thrown at [/Users/java_re/workspace/8-2-build-macosx-x86_64/jdk8u144/9417/hotspot/src/share/vm/prims/jni.cpp, line 709]
Event: 0.428 Thread 0x00007fe393008800 Exception <a 'java/io/FileNotFoundException'> (0x000000079582db90) thrown at [/Users/java_re/workspace/8-2-build-macosx-x86_64/jdk8u144/9417/hotspot/src/share/vm/prims/jni.cpp, line 709]
Event: 9.119 Thread 0x00007fe393016000 Exception <a 'java/lang/NullPointerException'> (0x00000007957b3820) thrown at [/Users/java_re/workspace/8-2-build-macosx-x86_64/jdk8u144/9417/hotspot/src/share/vm/interpreter/linkResolver.cpp, line 1197]

Events (10 events):
Event: 663.080 loading class sun/java2d/loops/Blit$GeneralMaskBlit
Event: 663.081 loading class sun/java2d/loops/Blit$GeneralMaskBlit done
Event: 663.087 loading class javax/swing/RepaintManager$DoubleBufferInfo
Event: 663.088 loading class javax/swing/RepaintManager$DoubleBufferInfo done
Event: 663.089 loading class sun/awt/image/OffScreenImage
Event: 663.090 loading class sun/awt/image/OffScreenImage done
Event: 663.092 loading class sun/awt/image/BufferedImageDevice
Event: 663.093 loading class sun/awt/image/BufferedImageDevice done
Event: 4010.989 Executing VM operation: ParallelGCFailedAllocation
Event: 4011.031 Executing VM operation: ParallelGCFailedAllocation done


Dynamic libraries:
0x000000002fa83000 	/System/Library/Frameworks/Cocoa.framework/Versions/A/Cocoa
0x000000002fa83000 	/System/Library/Frameworks/Security.framework/Versions/A/Security
0x000000002fa83000 	/System/Library/Frameworks/ApplicationServices.framework/Versions/A/ApplicationServices
0x000000002fa83000 	/usr/lib/libz.1.dylib
0x000000002fa83000 	/usr/lib/libSystem.B.dylib
0x000000002fa83000 	/usr/lib/libobjc.A.dylib
0x000000002fa83000 	/System/Library/Frameworks/CoreFoundation.framework/Versions/A/CoreFoundation
0x000000002fa83000 	/System/Library/Frameworks/Foundation.framework/Versions/C/Foundation
0x000000002fa83000 	/System/Library/Frameworks/AppKit.framework/Versions/C/AppKit
0x000000002fa83000 	/System/Library/Frameworks/CoreData.framework/Versions/A/CoreData
0x000000002fa83000 	/System/Library/PrivateFrameworks/RemoteViewServices.framework/Versions/A/RemoteViewServices
0x000000002fa83000 	/System/Library/PrivateFrameworks/UIFoundation.framework/Versions/A/UIFoundation
0x000000002fa83000 	/System/Library/PrivateFrameworks/DFRFoundation.framework/Versions/A/DFRFoundation
0x000000002fa83000 	/System/Library/Frameworks/Metal.framework/Versions/A/Metal
0x000000002fa83000 	/System/Library/PrivateFrameworks/DesktopServicesPriv.framework/Versions/A/DesktopServicesPriv
0x000000002fa83000 	/usr/lib/libenergytrace.dylib
0x000000002fa83000 	/System/Library/PrivateFrameworks/SkyLight.framework/Versions/A/SkyLight
0x000000002fa83000 	/System/Library/Frameworks/CoreGraphics.framework/Versions/A/CoreGraphics
0x000000002fa83000 	/usr/lib/libScreenReader.dylib
0x000000002fa83000 	/System/Library/Frameworks/Accelerate.framework/Versions/A/Accelerate
0x000000002fa83000 	/System/Library/Frameworks/IOSurface.framework/Versions/A/IOSurface
0x000000002fa83000 	/System/Library/Frameworks/AudioToolbox.framework/Versions/A/AudioToolbox
0x000000002fa83000 	/System/Library/Frameworks/AudioUnit.framework/Versions/A/AudioUnit
0x000000002fa83000 	/System/Library/PrivateFrameworks/DataDetectorsCore.framework/Versions/A/DataDetectorsCore
0x000000002fa83000 	/System/Library/Frameworks/Carbon.framework/Versions/A/Frameworks/HIToolbox.framework/Versions/A/HIToolbox
0x000000002fa83000 	/usr/lib/libicucore.A.dylib
0x000000002fa83000 	/System/Library/Frameworks/QuartzCore.framework/Versions/A/QuartzCore
0x000000002fa83000 	/System/Library/PrivateFrameworks/SignpostNotification.framework/Versions/A/SignpostNotification
0x000000002fa83000 	/System/Library/Frameworks/Carbon.framework/Versions/A/Frameworks/SpeechRecognition.framework/Versions/A/SpeechRecognition
0x000000002fa83000 	/usr/lib/libauto.dylib
0x000000002fa83000 	/usr/lib/libxml2.2.dylib
0x000000002fa83000 	/System/Library/PrivateFrameworks/CoreUI.framework/Versions/A/CoreUI
0x000000002fa83000 	/System/Library/Frameworks/CoreAudio.framework/Versions/A/CoreAudio
0x000000002fa83000 	/System/Library/Frameworks/DiskArbitration.framework/Versions/A/DiskArbitration
0x000000002fa83000 	/usr/lib/liblangid.dylib
0x000000002fa83000 	/System/Library/PrivateFrameworks/MultitouchSupport.framework/Versions/A/MultitouchSupport
0x000000002fa83000 	/System/Library/Frameworks/IOKit.framework/Versions/A/IOKit
0x000000002fa83000 	/usr/lib/libDiagnosticMessagesClient.dylib
0x000000002fa83000 	/System/Library/Frameworks/CoreServices.framework/Versions/A/CoreServices
0x000000002fa83000 	/System/Library/PrivateFrameworks/PerformanceAnalysis.framework/Versions/A/PerformanceAnalysis
0x000000002fa83000 	/System/Library/Frameworks/OpenGL.framework/Versions/A/OpenGL
0x000000002fa83000 	/System/Library/Frameworks/ColorSync.framework/Versions/A/ColorSync
0x000000002fa83000 	/System/Library/Frameworks/CoreImage.framework/Versions/A/CoreImage
0x000000002fa83000 	/System/Library/Frameworks/CoreText.framework/Versions/A/CoreText
0x000000002fa83000 	/System/Library/Frameworks/ImageIO.framework/Versions/A/ImageIO
0x000000002fa83000 	/System/Library/PrivateFrameworks/Backup.framework/Versions/A/Backup
0x000000002fa83000 	/usr/lib/libarchive.2.dylib
0x000000002fa83000 	/System/Library/Frameworks/CFNetwork.framework/Versions/A/CFNetwork
0x000000002fa83000 	/System/Library/Frameworks/SystemConfiguration.framework/Versions/A/SystemConfiguration
0x000000002fa83000 	/usr/lib/libCRFSuite.dylib
0x000000002fa83000 	/usr/lib/libc++.1.dylib
0x000000002fa83000 	/usr/lib/libc++abi.dylib
0x000000002fa83000 	/usr/lib/system/libcache.dylib
0x000000002fa83000 	/usr/lib/system/libcommonCrypto.dylib
0x000000002fa83000 	/usr/lib/system/libcompiler_rt.dylib
0x000000002fa83000 	/usr/lib/system/libcopyfile.dylib
0x000000002fa83000 	/usr/lib/system/libcorecrypto.dylib
0x000000002fa83000 	/usr/lib/system/libdispatch.dylib
0x000000002fa83000 	/usr/lib/system/libdyld.dylib
0x000000002fa83000 	/usr/lib/system/libkeymgr.dylib
0x000000002fa83000 	/usr/lib/system/liblaunch.dylib
0x000000002fa83000 	/usr/lib/system/libmacho.dylib
0x000000002fa83000 	/usr/lib/system/libquarantine.dylib
0x000000002fa83000 	/usr/lib/system/libremovefile.dylib
0x000000002fa83000 	/usr/lib/system/libsystem_asl.dylib
0x000000002fa83000 	/usr/lib/system/libsystem_blocks.dylib
0x000000002fa83000 	/usr/lib/system/libsystem_c.dylib
0x000000002fa83000 	/usr/lib/system/libsystem_configuration.dylib
0x000000002fa83000 	/usr/lib/system/libsystem_coreservices.dylib
0x000000002fa83000 	/usr/lib/system/libsystem_darwin.dylib
0x000000002fa83000 	/usr/lib/system/libsystem_dnssd.dylib
0x000000002fa83000 	/usr/lib/system/libsystem_info.dylib
0x000000002fa83000 	/usr/lib/system/libsystem_m.dylib
0x000000002fa83000 	/usr/lib/system/libsystem_malloc.dylib
0x000000002fa83000 	/usr/lib/system/libsystem_network.dylib
0x000000002fa83000 	/usr/lib/system/libsystem_networkextension.dylib
0x000000002fa83000 	/usr/lib/system/libsystem_notify.dylib
0x000000002fa83000 	/usr/lib/system/libsystem_sandbox.dylib
0x000000002fa83000 	/usr/lib/system/libsystem_secinit.dylib
0x000000002fa83000 	/usr/lib/system/libsystem_kernel.dylib
0x000000002fa83000 	/usr/lib/system/libsystem_platform.dylib
0x000000002fa83000 	/usr/lib/system/libsystem_pthread.dylib
0x000000002fa83000 	/usr/lib/system/libsystem_symptoms.dylib
0x000000002fa83000 	/usr/lib/system/libsystem_trace.dylib
0x000000002fa83000 	/usr/lib/system/libunwind.dylib
0x000000002fa83000 	/usr/lib/system/libxpc.dylib
0x000000002fa83000 	/usr/lib/closure/libclosured.dylib
0x000000002fa83000 	/usr/lib/libbsm.0.dylib
0x000000002fa83000 	/usr/lib/system/libkxld.dylib
0x000000002fa83000 	/usr/lib/libOpenScriptingUtil.dylib
0x000000002fa83000 	/usr/lib/libcoretls.dylib
0x000000002fa83000 	/usr/lib/libcoretls_cfhelpers.dylib
0x000000002fa83000 	/usr/lib/libpam.2.dylib
0x000000002fa83000 	/usr/lib/libsqlite3.dylib
0x000000002fa83000 	/usr/lib/libxar.1.dylib
0x000000002fa83000 	/usr/lib/libbz2.1.0.dylib
0x000000002fa83000 	/usr/lib/liblzma.5.dylib
0x000000002fa83000 	/usr/lib/libnetwork.dylib
0x000000002fa83000 	/usr/lib/libapple_nghttp2.dylib
0x000000002fa83000 	/usr/lib/libpcap.A.dylib
0x000000002fa83000 	/usr/lib/libboringssl.dylib
0x000000002fa83000 	/usr/lib/libusrtcp.dylib
0x000000002fa83000 	/usr/lib/libapple_crypto.dylib
0x000000002fa83000 	/System/Library/Frameworks/CoreServices.framework/Versions/A/Frameworks/FSEvents.framework/Versions/A/FSEvents
0x000000002fa83000 	/System/Library/Frameworks/CoreServices.framework/Versions/A/Frameworks/CarbonCore.framework/Versions/A/CarbonCore
0x000000002fa83000 	/System/Library/Frameworks/CoreServices.framework/Versions/A/Frameworks/Metadata.framework/Versions/A/Metadata
0x000000002fa83000 	/System/Library/Frameworks/CoreServices.framework/Versions/A/Frameworks/OSServices.framework/Versions/A/OSServices
0x000000002fa83000 	/System/Library/Frameworks/CoreServices.framework/Versions/A/Frameworks/SearchKit.framework/Versions/A/SearchKit
0x000000002fa83000 	/System/Library/Frameworks/CoreServices.framework/Versions/A/Frameworks/AE.framework/Versions/A/AE
0x000000002fa83000 	/System/Library/Frameworks/CoreServices.framework/Versions/A/Frameworks/LaunchServices.framework/Versions/A/LaunchServices
0x000000002fa83000 	/System/Library/Frameworks/CoreServices.framework/Versions/A/Frameworks/DictionaryServices.framework/Versions/A/DictionaryServices
0x000000002fa83000 	/System/Library/Frameworks/CoreServices.framework/Versions/A/Frameworks/SharedFileList.framework/Versions/A/SharedFileList
0x000000002fa83000 	/System/Library/Frameworks/NetFS.framework/Versions/A/NetFS
0x000000002fa83000 	/System/Library/PrivateFrameworks/NetAuth.framework/Versions/A/NetAuth
0x000000002fa83000 	/System/Library/PrivateFrameworks/login.framework/Versions/A/Frameworks/loginsupport.framework/Versions/A/loginsupport
0x000000002fa83000 	/System/Library/PrivateFrameworks/TCC.framework/Versions/A/TCC
0x000000002fa83000 	/usr/lib/libmecabra.dylib
0x000000002fa83000 	/System/Library/Frameworks/ApplicationServices.framework/Versions/A/Frameworks/ATS.framework/Versions/A/ATS
0x000000002fa83000 	/System/Library/Frameworks/ApplicationServices.framework/Versions/A/Frameworks/ColorSyncLegacy.framework/Versions/A/ColorSyncLegacy
0x000000002fa83000 	/System/Library/Frameworks/ApplicationServices.framework/Versions/A/Frameworks/HIServices.framework/Versions/A/HIServices
0x000000002fa83000 	/System/Library/Frameworks/ApplicationServices.framework/Versions/A/Frameworks/LangAnalysis.framework/Versions/A/LangAnalysis
0x000000002fa83000 	/System/Library/Frameworks/ApplicationServices.framework/Versions/A/Frameworks/PrintCore.framework/Versions/A/PrintCore
0x000000002fa83000 	/System/Library/Frameworks/ApplicationServices.framework/Versions/A/Frameworks/QD.framework/Versions/A/QD
0x000000002fa83000 	/System/Library/Frameworks/ApplicationServices.framework/Versions/A/Frameworks/SpeechSynthesis.framework/Versions/A/SpeechSynthesis
0x000000002fa83000 	/System/Library/Frameworks/CoreDisplay.framework/Versions/A/CoreDisplay
0x000000002fa83000 	/System/Library/Frameworks/Accelerate.framework/Versions/A/Frameworks/vImage.framework/Versions/A/vImage
0x000000002fa83000 	/System/Library/Frameworks/Accelerate.framework/Versions/A/Frameworks/vecLib.framework/Versions/A/vecLib
0x000000002fa83000 	/System/Library/Frameworks/Accelerate.framework/Versions/A/Frameworks/vecLib.framework/Versions/A/libvDSP.dylib
0x000000002fa83000 	/System/Library/Frameworks/Accelerate.framework/Versions/A/Frameworks/vecLib.framework/Versions/A/libBNNS.dylib
0x000000002fa83000 	/System/Library/Frameworks/Accelerate.framework/Versions/A/Frameworks/vecLib.framework/Versions/A/libQuadrature.dylib
0x000000002fa83000 	/System/Library/Frameworks/Accelerate.framework/Versions/A/Frameworks/vecLib.framework/Versions/A/libvMisc.dylib
0x000000002fa83000 	/System/Library/Frameworks/Accelerate.framework/Versions/A/Frameworks/vecLib.framework/Versions/A/libLAPACK.dylib
0x000000002fa83000 	/System/Library/Frameworks/Accelerate.framework/Versions/A/Frameworks/vecLib.framework/Versions/A/libBLAS.dylib
0x000000002fa83000 	/System/Library/Frameworks/Accelerate.framework/Versions/A/Frameworks/vecLib.framework/Versions/A/libLinearAlgebra.dylib
0x000000002fa83000 	/System/Library/Frameworks/Accelerate.framework/Versions/A/Frameworks/vecLib.framework/Versions/A/libSparse.dylib
0x000000002fa83000 	/System/Library/Frameworks/Accelerate.framework/Versions/A/Frameworks/vecLib.framework/Versions/A/libSparseBLAS.dylib
0x000000002fa83000 	/System/Library/PrivateFrameworks/GPUWrangler.framework/Versions/A/GPUWrangler
0x000000002fa83000 	/System/Library/PrivateFrameworks/IOAccelerator.framework/Versions/A/IOAccelerator
0x000000002fa83000 	/System/Library/PrivateFrameworks/IOPresentment.framework/Versions/A/IOPresentment
0x000000002fa83000 	/System/Library/PrivateFrameworks/DSExternalDisplay.framework/Versions/A/DSExternalDisplay
0x000000002fa83000 	/System/Library/Frameworks/OpenGL.framework/Versions/A/Libraries/libCoreFSCache.dylib
0x000000002fa83000 	/System/Library/Frameworks/CoreVideo.framework/Versions/A/CoreVideo
0x000000002fa83000 	/System/Library/PrivateFrameworks/GraphVisualizer.framework/Versions/A/GraphVisualizer
0x000000002fa83000 	/System/Library/Frameworks/MetalPerformanceShaders.framework/Versions/A/MetalPerformanceShaders
0x000000002fa83000 	/usr/lib/libFosl_dynamic.dylib
0x000000002fa83000 	/System/Library/PrivateFrameworks/FaceCore.framework/Versions/A/FaceCore
0x000000002fa83000 	/System/Library/Frameworks/OpenCL.framework/Versions/A/OpenCL
0x000000002fa83000 	/usr/lib/libcompression.dylib
0x000000002fa83000 	/System/Library/Frameworks/ApplicationServices.framework/Versions/A/Frameworks/ATS.framework/Versions/A/Resources/libFontParser.dylib
0x000000002fa83000 	/System/Library/Frameworks/ApplicationServices.framework/Versions/A/Frameworks/ATS.framework/Versions/A/Resources/libFontRegistry.dylib
0x000000002fa83000 	/System/Library/Frameworks/ImageIO.framework/Versions/A/Resources/libJPEG.dylib
0x000000002fa83000 	/System/Library/Frameworks/ImageIO.framework/Versions/A/Resources/libTIFF.dylib
0x000000002fa83000 	/System/Library/Frameworks/ImageIO.framework/Versions/A/Resources/libPng.dylib
0x000000002fa83000 	/System/Library/Frameworks/ImageIO.framework/Versions/A/Resources/libGIF.dylib
0x000000002fa83000 	/System/Library/Frameworks/ImageIO.framework/Versions/A/Resources/libJP2.dylib
0x000000002fa83000 	/System/Library/Frameworks/ImageIO.framework/Versions/A/Resources/libRadiance.dylib
0x000000002fa83000 	/System/Library/PrivateFrameworks/AppleJPEG.framework/Versions/A/AppleJPEG
0x000000002fa83000 	/System/Library/Frameworks/MetalPerformanceShaders.framework/Frameworks/MPSCore.framework/Versions/A/MPSCore
0x000000002fa83000 	/System/Library/Frameworks/MetalPerformanceShaders.framework/Frameworks/MPSImage.framework/Versions/A/MPSImage
0x000000002fa83000 	/System/Library/Frameworks/MetalPerformanceShaders.framework/Frameworks/MPSNeuralNetwork.framework/Versions/A/MPSNeuralNetwork
0x000000002fa83000 	/System/Library/Frameworks/MetalPerformanceShaders.framework/Frameworks/MPSMatrix.framework/Versions/A/MPSMatrix
0x000000002fa83000 	/System/Library/PrivateFrameworks/MetalTools.framework/Versions/A/MetalTools
0x000000002fa83000 	/System/Library/Frameworks/OpenGL.framework/Versions/A/Libraries/libGLU.dylib
0x000000002fa83000 	/System/Library/Frameworks/OpenGL.framework/Versions/A/Libraries/libGFXShared.dylib
0x000000002fa83000 	/System/Library/Frameworks/OpenGL.framework/Versions/A/Libraries/libGL.dylib
0x000000002fa83000 	/System/Library/Frameworks/OpenGL.framework/Versions/A/Libraries/libGLImage.dylib
0x000000002fa83000 	/System/Library/Frameworks/OpenGL.framework/Versions/A/Libraries/libCVMSPluginSupport.dylib
0x000000002fa83000 	/System/Library/Frameworks/OpenGL.framework/Versions/A/Libraries/libCoreVMClient.dylib
0x000000002fa83000 	/usr/lib/libcups.2.dylib
0x000000002fa83000 	/System/Library/Frameworks/Kerberos.framework/Versions/A/Kerberos
0x000000002fa83000 	/System/Library/Frameworks/GSS.framework/Versions/A/GSS
0x000000002fa83000 	/usr/lib/libresolv.9.dylib
0x000000002fa83000 	/usr/lib/libiconv.2.dylib
0x000000002fa83000 	/System/Library/PrivateFrameworks/Heimdal.framework/Versions/A/Heimdal
0x000000002fa83000 	/usr/lib/libheimdal-asn1.dylib
0x000000002fa83000 	/System/Library/Frameworks/OpenDirectory.framework/Versions/A/OpenDirectory
0x000000002fa83000 	/System/Library/PrivateFrameworks/CommonAuth.framework/Versions/A/CommonAuth
0x000000002fa83000 	/System/Library/Frameworks/OpenDirectory.framework/Versions/A/Frameworks/CFOpenDirectory.framework/Versions/A/CFOpenDirectory
0x000000002fa83000 	/System/Library/Frameworks/SecurityFoundation.framework/Versions/A/SecurityFoundation
0x000000002fa83000 	/System/Library/PrivateFrameworks/APFS.framework/Versions/A/APFS
0x000000002fa83000 	/usr/lib/libutil.dylib
0x000000002fa83000 	/System/Library/PrivateFrameworks/AppleSauce.framework/Versions/A/AppleSauce
0x000000002fa83000 	/System/Library/PrivateFrameworks/LinguisticData.framework/Versions/A/LinguisticData
0x000000002fa83000 	/usr/lib/libmarisa.dylib
0x000000002fa83000 	/System/Library/PrivateFrameworks/Lexicon.framework/Versions/A/Lexicon
0x000000002fa83000 	/usr/lib/libChineseTokenizer.dylib
0x000000002fa83000 	/usr/lib/libcmph.dylib
0x000000002fa83000 	/System/Library/PrivateFrameworks/LanguageModeling.framework/Versions/A/LanguageModeling
0x000000002fa83000 	/System/Library/PrivateFrameworks/CoreEmoji.framework/Versions/A/CoreEmoji
0x000000002fa83000 	/System/Library/Frameworks/ServiceManagement.framework/Versions/A/ServiceManagement
0x000000002fa83000 	/System/Library/PrivateFrameworks/BackgroundTaskManagement.framework/Versions/A/BackgroundTaskManagement
0x000000002fa83000 	/usr/lib/libxslt.1.dylib
0x000000002fa83000 	/System/Library/Frameworks/Carbon.framework/Versions/A/Frameworks/Ink.framework/Versions/A/Ink
0x000000002fa83000 	/System/Library/PrivateFrameworks/TextureIO.framework/Versions/A/TextureIO
0x000000002fa83000 	/usr/lib/libate.dylib
0x000000002fa83000 	/System/Library/PrivateFrameworks/CrashReporterSupport.framework/Versions/A/CrashReporterSupport
0x000000002fa83000 	/System/Library/PrivateFrameworks/Sharing.framework/Versions/A/Sharing
0x000000002fa83000 	/System/Library/PrivateFrameworks/IconServices.framework/Versions/A/IconServices
0x000000002fa83000 	/System/Library/PrivateFrameworks/AuthKit.framework/Versions/A/AuthKit
0x000000002fa83000 	/System/Library/PrivateFrameworks/Apple80211.framework/Versions/A/Apple80211
0x000000002fa83000 	/System/Library/PrivateFrameworks/CoreUtils.framework/Versions/A/CoreUtils
0x000000002fa83000 	/System/Library/Frameworks/CoreWLAN.framework/Versions/A/CoreWLAN
0x000000002fa83000 	/System/Library/Frameworks/IOBluetooth.framework/Versions/A/IOBluetooth
0x000000002fa83000 	/System/Library/PrivateFrameworks/ProtocolBuffer.framework/Versions/A/ProtocolBuffer
0x000000002fa83000 	/System/Library/PrivateFrameworks/MobileKeyBag.framework/Versions/A/MobileKeyBag
0x000000002fa83000 	/System/Library/PrivateFrameworks/CorePhoneNumbers.framework/Versions/A/CorePhoneNumbers
0x000000002fa83000 	/System/Library/PrivateFrameworks/AppleIDAuthSupport.framework/Versions/A/AppleIDAuthSupport
0x000000002fa83000 	/System/Library/PrivateFrameworks/KeychainCircle.framework/Versions/A/KeychainCircle
0x000000002fa83000 	/System/Library/PrivateFrameworks/CoreWiFi.framework/Versions/A/CoreWiFi
0x000000002fa83000 	/System/Library/Frameworks/CoreBluetooth.framework/Versions/A/CoreBluetooth
0x000000002fa83000 	/System/Library/PrivateFrameworks/DebugSymbols.framework/Versions/A/DebugSymbols
0x000000002fa83000 	/System/Library/PrivateFrameworks/CoreSymbolication.framework/Versions/A/CoreSymbolication
0x000000002fa83000 	/System/Library/PrivateFrameworks/Symbolication.framework/Versions/A/Symbolication
0x000000002fa83000 	/System/Library/PrivateFrameworks/AppleFSCompression.framework/Versions/A/AppleFSCompression
0x000000002fa83000 	/System/Library/PrivateFrameworks/SpeechRecognitionCore.framework/Versions/A/SpeechRecognitionCore
0x000000010e000000 	/Library/Java/JavaVirtualMachines/jdk1.8.0_144.jdk/Contents/Home/jre/lib/server/libjvm.dylib
0x000000002fa83000 	/usr/lib/libstdc++.6.0.9.dylib
0x000000010d70a000 	/Library/Java/JavaVirtualMachines/jdk1.8.0_144.jdk/Contents/Home/jre/lib/libverify.dylib
0x000000010d718000 	/Library/Java/JavaVirtualMachines/jdk1.8.0_144.jdk/Contents/Home/jre/lib/libjava.dylib
0x000000010d797000 	/Library/Java/JavaVirtualMachines/jdk1.8.0_144.jdk/Contents/Home/jre/lib/libzip.dylib
0x000000002fa83000 	/System/Library/Frameworks/JavaVM.framework/Versions/A/Frameworks/JavaRuntimeSupport.framework/Versions/A/JavaRuntimeSupport
0x000000002fa83000 	/System/Library/Frameworks/JavaVM.framework/Versions/A/Frameworks/JavaNativeFoundation.framework/Versions/A/JavaNativeFoundation
0x000000002fa83000 	/System/Library/Frameworks/JavaVM.framework/Versions/A/JavaVM
0x000000002fa83000 	/System/Library/Frameworks/Carbon.framework/Versions/A/Carbon
0x000000002fa83000 	/System/Library/PrivateFrameworks/JavaLaunching.framework/Versions/A/JavaLaunching
0x000000002fa83000 	/System/Library/Frameworks/Carbon.framework/Versions/A/Frameworks/CommonPanels.framework/Versions/A/CommonPanels
0x000000002fa83000 	/System/Library/Frameworks/Carbon.framework/Versions/A/Frameworks/Help.framework/Versions/A/Help
0x000000002fa83000 	/System/Library/Frameworks/Carbon.framework/Versions/A/Frameworks/ImageCapture.framework/Versions/A/ImageCapture
0x000000002fa83000 	/System/Library/Frameworks/Carbon.framework/Versions/A/Frameworks/OpenScripting.framework/Versions/A/OpenScripting
0x000000002fa83000 	/System/Library/Frameworks/Carbon.framework/Versions/A/Frameworks/Print.framework/Versions/A/Print
0x000000002fa83000 	/System/Library/Frameworks/Carbon.framework/Versions/A/Frameworks/SecurityHI.framework/Versions/A/SecurityHI
0x000000011729e000 	/Library/Java/JavaVirtualMachines/jdk1.8.0_144.jdk/Contents/Home/jre/lib/libawt.dylib
0x0000000117346000 	/Library/Java/JavaVirtualMachines/jdk1.8.0_144.jdk/Contents/Home/jre/lib/./libmlib_image.dylib
0x0000000117412000 	/Library/Java/JavaVirtualMachines/jdk1.8.0_144.jdk/Contents/Home/jre/lib/libawt_lwawt.dylib
0x00000001174c9000 	/Library/Java/JavaVirtualMachines/jdk1.8.0_144.jdk/Contents/Home/jre/lib/./libosxapp.dylib
0x000000002fa83000 	/System/Library/Frameworks/ExceptionHandling.framework/Versions/A/ExceptionHandling
0x000000002fa83000 	/System/Library/PrivateFrameworks/CoreServicesInternal.framework/Versions/A/CoreServicesInternal
0x000000002fa83000 	/System/Library/CoreServices/RawCamera.bundle/Contents/MacOS/RawCamera
0x000000002fa83000 	/System/Library/PrivateFrameworks/MobileAsset.framework/Versions/A/MobileAsset
0x000000002fa83000 	/System/Library/PrivateFrameworks/StreamingZip.framework/Versions/A/StreamingZip
0x000000002fa83000 	/System/Library/Frameworks/MediaToolbox.framework/Versions/A/MediaToolbox
0x000000002fa83000 	/System/Library/PrivateFrameworks/CoreAVCHD.framework/Versions/A/CoreAVCHD
0x000000002fa83000 	/System/Library/Frameworks/MediaAccessibility.framework/Versions/A/MediaAccessibility
0x000000002fa83000 	/System/Library/PrivateFrameworks/Mangrove.framework/Versions/A/Mangrove
0x000000002fa83000 	/System/Library/Frameworks/CoreMedia.framework/Versions/A/CoreMedia
0x000000002fa83000 	/System/Library/Frameworks/VideoToolbox.framework/Versions/A/VideoToolbox
0x000000002fa83000 	/System/Library/PrivateFrameworks/CoreAUC.framework/Versions/A/CoreAUC
0x000000002fa83000 	/usr/lib/libspindump.dylib
0x000000002fa83000 	/System/Library/PrivateFrameworks/AppleVA.framework/Versions/A/AppleVA
0x000000002fa83000 	/System/Library/Frameworks/Accelerate.framework/Versions/A/Frameworks/vImage.framework/Versions/A/Libraries/libCGInterfaces.dylib
0x000000002fa83000 	/System/Library/Frameworks/ApplicationServices.framework/Versions/A/Frameworks/ATS.framework/Versions/A/Resources/libTrueTypeScaler.dylib
0x000000002fa83000 	/System/Library/Extensions/AppleIntelSKLGraphicsMTLDriver.bundle/Contents/MacOS/AppleIntelSKLGraphicsMTLDriver
0x000000002fa83000 	/System/Library/PrivateFrameworks/GPUCompiler.framework/Versions/3802/Libraries/libmetal_timestamp.dylib
0x000000002fa83000 	/System/Library/PrivateFrameworks/FamilyControls.framework/Versions/A/FamilyControls
0x000000002fa83000 	/System/Library/PrivateFrameworks/CommerceKit.framework/Versions/A/Frameworks/CommerceCore.framework/Versions/A/CommerceCore
0x000000002fa83000 	/System/Library/PrivateFrameworks/SystemAdministration.framework/Versions/A/SystemAdministration
0x000000002fa83000 	/System/Library/PrivateFrameworks/AppContainer.framework/Versions/A/AppContainer
0x000000002fa83000 	/System/Library/PrivateFrameworks/SecCodeWrapper.framework/Versions/A/SecCodeWrapper
0x000000002fa83000 	/System/Library/PrivateFrameworks/DiskManagement.framework/Versions/A/DiskManagement
0x000000002fa83000 	/System/Library/Frameworks/DirectoryService.framework/Versions/A/DirectoryService
0x000000002fa83000 	/System/Library/PrivateFrameworks/DiskImages.framework/Versions/A/DiskImages
0x000000002fa83000 	/System/Library/PrivateFrameworks/LoginUIKit.framework/Versions/A/Frameworks/LoginUICore.framework/Versions/A/LoginUICore
0x000000002fa83000 	/usr/lib/libCoreStorage.dylib
0x000000002fa83000 	/usr/lib/libcsfde.dylib
0x000000002fa83000 	/usr/lib/libodfde.dylib
0x000000002fa83000 	/System/Library/PrivateFrameworks/MediaKit.framework/Versions/A/MediaKit
0x000000002fa83000 	/System/Library/Frameworks/DiscRecording.framework/Versions/A/DiscRecording
0x000000002fa83000 	/System/Library/PrivateFrameworks/EFILogin.framework/Versions/A/EFILogin
0x000000002fa83000 	/System/Library/PrivateFrameworks/ProtectedCloudStorage.framework/Versions/A/ProtectedCloudStorage
0x000000002fa83000 	/usr/lib/libcurl.4.dylib
0x000000002fa83000 	/usr/lib/libcrypto.35.dylib
0x000000002fa83000 	/usr/lib/libssl.35.dylib
0x000000002fa83000 	/System/Library/Frameworks/LDAP.framework/Versions/A/LDAP
0x000000002fa83000 	/System/Library/PrivateFrameworks/TrustEvaluationAgent.framework/Versions/A/TrustEvaluationAgent
0x000000002fa83000 	/usr/lib/libsasl2.2.dylib
0x000000002fa83000 	/System/Library/PrivateFrameworks/CoreDaemon.framework/Versions/B/CoreDaemon
0x000000002fa83000 	/System/Library/PrivateFrameworks/AppleSRP.framework/Versions/A/AppleSRP
0x000000002fa83000 	/System/Library/Frameworks/OpenGL.framework/Versions/A/Resources/GLEngine.bundle/GLEngine
0x000000002fa83000 	/System/Library/Frameworks/OpenGL.framework/Versions/A/Libraries/libGLProgrammability.dylib
0x0000000119fb0000 	/System/Library/Extensions/AppleIntelSKLGraphicsGLDriver.bundle/Contents/MacOS/AppleIntelSKLGraphicsGLDriver
0x000000002fa83000 	/System/Library/PrivateFrameworks/GPUSupport.framework/Versions/A/Libraries/libGPUSupportMercury.dylib
0x000000002fa83000 	/System/Library/Frameworks/OpenGL.framework/Versions/A/Resources/GLRendererFloat.bundle/GLRendererFloat
0x000000002fa83000 	/System/Library/Frameworks/OpenCL.framework/Versions/A/Libraries/libcldcpuengine.dylib
0x000000012aefe000 	/Library/Java/JavaVirtualMachines/jdk1.8.0_144.jdk/Contents/Home/jre/lib/libfontmanager.dylib
0x000000011b74d000 	/Library/Java/JavaVirtualMachines/jdk1.8.0_144.jdk/Contents/Home/jre/lib/libosxui.dylib
0x000000002fa83000 	/System/Library/PrivateFrameworks/ViewBridge.framework/Versions/A/ViewBridge
0x000000012caf5000 	/Library/Java/JavaVirtualMachines/jdk1.8.0_144.jdk/Contents/Home/jre/lib/libnet.dylib
0x000000012cb0c000 	/Library/Java/JavaVirtualMachines/jdk1.8.0_144.jdk/Contents/Home/jre/lib/libnio.dylib

VM Arguments:
jvm_args: -Dfile.encoding=UTF-8 
java_command: Main
java_class_path (initial): /Library/Java/JavaVirtualMachines/jdk1.8.0_144.jdk/Contents/Home/jre/lib/resources.jar:/Library/Java/JavaVirtualMachines/jdk1.8.0_144.jdk/Contents/Home/jre/lib/rt.jar:/Library/Java/JavaVirtualMachines/jdk1.8.0_144.jdk/Contents/Home/jre/lib/jsse.jar:/Library/Java/JavaVirtualMachines/jdk1.8.0_144.jdk/Contents/Home/jre/lib/jce.jar:/Library/Java/JavaVirtualMachines/jdk1.8.0_144.jdk/Contents/Home/jre/lib/charsets.jar:/Library/Java/JavaVirtualMachines/jdk1.8.0_144.jdk/Contents/Home/jre/lib/jfr.jar:/Library/Java/JavaVirtualMachines/jdk1.8.0_144.jdk/Contents/Home/jre/lib/ext/sunec.jar:/Library/Java/JavaVirtualMachines/jdk1.8.0_144.jdk/Contents/Home/jre/lib/ext/nashorn.jar:/Library/Java/JavaVirtualMachines/jdk1.8.0_144.jdk/Contents/Home/jre/lib/ext/cldrdata.jar:/Library/Java/JavaVirtualMachines/jdk1.8.0_144.jdk/Contents/Home/jre/lib/ext/jfxrt.jar:/Library/Java/JavaVirtualMachines/jdk1.8.0_144.jdk/Contents/Home/jre/lib/ext/dnsns.jar:/Library/Java/JavaVirtualMachines/jdk1.8.0_144.jdk/Contents/Home/jre/lib/ext/localedata.jar:/Library/Java/JavaVirtualMachines/jdk1.8.0_144.jdk/Contents/Home/jre/lib/ext/sunjce_provider.jar:/Library/Java/JavaVirtualMachines/jdk1.8.0_144.jdk/Contents/Home/jre/lib/ext/sunpkcs11.jar:/Library/Java/JavaVirtualMachines/jdk1.8.0_144.jdk/Contents/Home/jre/lib/ext/jaccess.jar:/Library/Java/JavaVirtualMachines/jdk1.8.0_144.jdk/Contents/Home/jre/lib/ext/zipfs.jar:/System/Library/Java/Extensions/MRJToolkit.jar:/Users/younes/eclipse-workspace/GestionEtudiant/bin:/Users/younes/Desktop/JDBC for/mysql-connector-java-8.0.18.jar
Launcher Type: SUN_STANDARD

Environment Variables:
PATH=/usr/bin:/bin:/usr/sbin:/sbin
SHELL=/bin/bash

Signal Handlers:
SIGSEGV: [libjvm.dylib+0x5b26e5], sa_mask[0]=11111111011111110111111111111111, sa_flags=SA_ONSTACK|SA_RESTART|SA_SIGINFO
SIGBUS: [libjvm.dylib+0x5b26e5], sa_mask[0]=11111111011111110111111111111111, sa_flags=SA_RESTART|SA_SIGINFO
SIGFPE: [libjvm.dylib+0x489100], sa_mask[0]=11111111011111110111111111111111, sa_flags=SA_RESTART|SA_SIGINFO
SIGPIPE: [libjvm.dylib+0x489100], sa_mask[0]=11111111011111110111111111111111, sa_flags=SA_RESTART|SA_SIGINFO
SIGXFSZ: [libjvm.dylib+0x489100], sa_mask[0]=11111111011111110111111111111111, sa_flags=SA_RESTART|SA_SIGINFO
SIGILL: [libjvm.dylib+0x489100], sa_mask[0]=11111111011111110111111111111111, sa_flags=SA_RESTART|SA_SIGINFO
SIGUSR1: SIG_DFL, sa_mask[0]=00000000000000000000000000000000, sa_flags=none
SIGUSR2: [libjvm.dylib+0x488c1e], sa_mask[0]=00100000000000000000000000000000, sa_flags=SA_RESTART|SA_SIGINFO
SIGHUP: [libjvm.dylib+0x4871f5], sa_mask[0]=11111111011111110111111111111111, sa_flags=SA_RESTART|SA_SIGINFO
SIGINT: [libjvm.dylib+0x4871f5], sa_mask[0]=11111111011111110111111111111111, sa_flags=SA_RESTART|SA_SIGINFO
SIGTERM: [libjvm.dylib+0x4871f5], sa_mask[0]=11111111011111110111111111111111, sa_flags=SA_RESTART|SA_SIGINFO
SIGQUIT: [libjvm.dylib+0x4871f5], sa_mask[0]=11111111011111110111111111111111, sa_flags=SA_RESTART|SA_SIGINFO


---------------  S Y S T E M  ---------------

OS:Bsduname:Darwin 17.7.0 Darwin Kernel Version 17.7.0: Wed Apr 24 21:17:24 PDT 2019; root:xnu-4570.71.45~1/RELEASE_X86_64 x86_64
rlimit: STACK 8192k, CORE 0k, NPROC 709, NOFILE 10240, AS infinity
load average:9.77 4.40 3.23

CPU:total 4 (initial active 4) (2 cores per cpu, 2 threads per core) family 6 model 78 stepping 3, cmov, cx8, fxsr, mmx, sse, sse2, sse3, ssse3, sse4.1, sse4.2, popcnt, avx, avx2, aes, clmul, erms, 3dnowpref, lzcnt, ht, tsc, tscinvbit, bmi1, bmi2, adx

Memory: 4k page, physical 8388608k(87348k free)

/proc/meminfo:


vm_info: Java HotSpot(TM) 64-Bit Server VM (25.144-b01) for bsd-amd64 JRE (1.8.0_144-b01), built on Jul 21 2017 22:07:42 by "java_re" with gcc 4.2.1 (Based on Apple Inc. build 5658) (LLVM build 2336.11.00)

time: Thu Jan 16 12:29:13 2020
elapsed time: 4011 seconds (0d 1h 6m 51s)

